=== Embodied AGI collection started at Mon Mar 30 10:37:02 AM CST 2026 ===
Attempt 1...
Attempt 1 failed, retrying...
Attempt 2...
=== Embodied AGI collection started at Tue Mar 31 04:00:01 AM CST 2026 ===
Attempt 1...
=== Collection completed: Tue Mar 31 04:00:02 AM CST 2026 ===
=== Embodied AGI collection started at Tue Mar 31 11:07:23 AM CST 2026 ===
Attempt 1...
Attempt 1 failed, retrying...
Attempt 2...
=== Embodied AGI collection started at Wed Apr  1 04:00:01 AM CST 2026 ===
Attempt 1...
=== Collection completed: Wed Apr  1 04:00:13 AM CST 2026 ===
=== Embodied AGI collection started at Thu Apr  2 04:00:01 AM CST 2026 ===
Attempt 1...
Attempt 1 failed, retrying...
Attempt 2...
Attempt 2 failed, retrying...
Attempt 3...
Attempt 3 failed, retrying...
=== Collection completed: Thu Apr  2 04:03:21 AM CST 2026 ===
=== Embodied AGI collection started at Fri Apr  3 04:00:01 AM CST 2026 ===
Attempt 1...
=== Collection completed: Fri Apr  3 04:00:14 AM CST 2026 ===
=== Embodied AGI collection started at Sat Apr  4 04:00:01 AM CST 2026 ===
Attempt 1...
=== Collection completed: Sat Apr  4 04:00:04 AM CST 2026 ===
=== Embodied AGI collection started at Sun Apr  5 04:00:01 AM CST 2026 ===
Attempt 1...
=== Collection completed: Sun Apr  5 04:00:09 AM CST 2026 ===
=== Embodied AGI collection started at Mon Apr  6 04:00:01 AM CST 2026 ===
Attempt 1...
Attempt 1 failed, retrying...
Attempt 2...
Attempt 2 failed, retrying...
Attempt 3...
Attempt 3 failed, retrying...
=== Collection completed: Mon Apr  6 04:06:15 AM CST 2026 ===
=== Embodied AGI collection started at Tue Apr  7 04:00:01 AM CST 2026 ===
Attempt 1...
=== Collection completed: Tue Apr  7 04:00:04 AM CST 2026 ===
=== Embodied AGI collection started at Wed Apr  8 04:00:01 AM CST 2026 ===
Attempt 1...
Attempt 1 failed, retrying...
Attempt 2...
=== Collection completed: Wed Apr  8 04:02:35 AM CST 2026 ===
=== Embodied AGI collection started at Thu Apr  9 04:00:01 AM CST 2026 ===
Attempt 1...
=== Collection completed: Thu Apr  9 04:00:07 AM CST 2026 ===
=== Embodied AGI collection started at Fri Apr 10 04:00:01 AM CST 2026 ===
Attempt 1...
=== Collection completed: Fri Apr 10 04:00:04 AM CST 2026 ===
=== Embodied AGI collection started at Sat Apr 11 04:00:01 AM CST 2026 ===
Attempt 1...
=== Collection completed: Sat Apr 11 04:00:02 AM CST 2026 ===
=== Embodied AGI collection started at Sun Apr 12 04:00:01 AM CST 2026 ===
Attempt 1...
=== Collection completed: Sun Apr 12 04:00:05 AM CST 2026 ===
=== Embodied AGI collection started at Mon Apr 13 04:00:01 AM CST 2026 ===
Attempt 1...
=== Collection completed: Mon Apr 13 04:00:04 AM CST 2026 ===
=== Embodied AGI collection started at Tue Apr 14 04:00:01 AM CST 2026 ===
Attempt 1...
=== Collection completed: Tue Apr 14 04:00:02 AM CST 2026 ===
=== Embodied AGI collection started at Wed Apr 15 04:00:01 AM CST 2026 ===
Attempt 1...
=== Collection completed: Wed Apr 15 04:00:03 AM CST 2026 ===
